<!doctype html>
<html lang="">
<head>
    <meta charset="UTF-8">
    <meta name="viewport"
          content="width=device-width, user-scalable=no, initial-scale=1.0, maximum-scale=1.0, minimum-scale=1.0">
    <meta http-equiv="X-UA-Compatible" content="ie=edge">
    <title>Test Results Report - TMDB</title>

    <link href="reportng.css" rel="stylesheet" type="text/css"/>
</head>
<body>
<div id="meta">
Generated by <a href="http://www.testng.org" target="_blank">TestNG</a> with <a href="https://github.com/testng-team/reportng" target="_blank">ReportNG</a>
at 17:45 GMT+03:00 on Sunday 29 December 2024
    <br/><span
    id="systemInfo">ferha@DESKTOP-JJFTFGR&nbsp;/&nbsp;Java 23.0.1 (Oracle Corporation)&nbsp;/&nbsp;Windows 11 10.0 (amd64)</span>
</div>
<h1>TMDB</h1>

<p>
    <a href="index.html">Suites</a>
        &#183; <a href="output.html">Log Output</a>
</p>

<p>Test duration
    : 7.780s</p>


    <table class="resultsTable">
        <tr>
            <th colspan="3" class="header failed">Failed Tests</th>
        </tr>
            <tr>
                <td class="group" colspan="3">testcases.AuthenticationManagement</td>
            </tr>
    <tr>
        <td class="method">
                authenticationSuccess
        </td>
        <td class="duration">
            1.399s
        </td>
        <td class="result">
            <!-- Display the dependencies for skipped test methods -->


            <!-- Show logger output for the test -->

                <a href="javascript:toggleElement('exception-0', 'block')"
                   title="Click to expand/collapse">
                    <b>java.lang.AssertionError: message expected [200] but found [404]</b>
                </a>
                <br/>
                <div class="stackTrace" id="exception-0">
                        org.testng.Assert.fail(Assert.java:111)<br/>
                        org.testng.Assert.failNotEquals(Assert.java:1578)<br/>
                        org.testng.Assert.assertEqualsImpl(Assert.java:150)<br/>
                        org.testng.Assert.assertEquals(Assert.java:132)<br/>
                        org.testng.Assert.assertEquals(Assert.java:656)<br/>
                        testcases.AuthenticationManagement.authenticationSuccess(AuthenticationManagement.java:21)<br/>
                        java.base/jdk.internal.reflect.DirectMethodHandleAccessor.invoke(DirectMethodHandleAccessor.java:103)<br/>
                        java.base/java.lang.reflect.Method.invoke(Method.java:580)<br/>
                        org.testng.internal.invokers.MethodInvocationHelper.invokeMethod(MethodInvocationHelper.java:139)<br/>
                        org.testng.internal.invokers.TestInvoker.invokeMethod(TestInvoker.java:664)<br/>
                        org.testng.internal.invokers.TestInvoker.invokeTestMethod(TestInvoker.java:227)<br/>
                        org.testng.internal.invokers.MethodRunner.runInSequence(MethodRunner.java:50)<br/>
                        org.testng.internal.invokers.TestInvoker$MethodInvocationAgent.invoke(TestInvoker.java:957)<br/>
                        org.testng.internal.invokers.TestInvoker.invokeTestMethods(TestInvoker.java:200)<br/>
                        org.testng.internal.invokers.TestMethodWorker.invokeTestMethods(TestMethodWorker.java:148)<br/>
                        org.testng.internal.invokers.TestMethodWorker.run(TestMethodWorker.java:128)<br/>
                        java.base/java.util.ArrayList.forEach(ArrayList.java:1597)<br/>
                        org.testng.TestRunner.privateRun(TestRunner.java:848)<br/>
                        org.testng.TestRunner.run(TestRunner.java:621)<br/>
                        org.testng.SuiteRunner.runTest(SuiteRunner.java:443)<br/>
                        org.testng.SuiteRunner.runSequentially(SuiteRunner.java:437)<br/>
                        org.testng.SuiteRunner.privateRun(SuiteRunner.java:397)<br/>
                        org.testng.SuiteRunner.run(SuiteRunner.java:336)<br/>
                        org.testng.SuiteRunnerWorker.runSuite(SuiteRunnerWorker.java:52)<br/>
                        org.testng.SuiteRunnerWorker.run(SuiteRunnerWorker.java:95)<br/>
                        org.testng.TestNG.runSuitesSequentially(TestNG.java:1280)<br/>
                        org.testng.TestNG.runSuitesLocally(TestNG.java:1200)<br/>
                        org.testng.TestNG.runSuites(TestNG.java:1114)<br/>
                        org.testng.TestNG.run(TestNG.java:1082)<br/>
                        org.apache.maven.surefire.testng.TestNGExecutor.run(TestNGExecutor.java:308)<br/>
                        org.apache.maven.surefire.testng.TestNGXmlTestSuite.execute(TestNGXmlTestSuite.java:71)<br/>
                        org.apache.maven.surefire.testng.TestNGProvider.invoke(TestNGProvider.java:113)<br/>
                        org.apache.maven.surefire.booter.ForkedBooter.runSuitesInProcess(ForkedBooter.java:385)<br/>
                        org.apache.maven.surefire.booter.ForkedBooter.execute(ForkedBooter.java:162)<br/>
                        org.apache.maven.surefire.booter.ForkedBooter.run(ForkedBooter.java:507)<br/>
                        org.apache.maven.surefire.booter.ForkedBooter.main(ForkedBooter.java:495)<br/>
                </div>
        </td>
    </tr>
    <tr>
        <td class="method">
                favoriteMovies
        </td>
        <td class="duration">
            0.181s
        </td>
        <td class="result">
            <!-- Display the dependencies for skipped test methods -->


            <!-- Show logger output for the test -->

                <a href="javascript:toggleElement('exception-1', 'block')"
                   title="Click to expand/collapse">
                    <b>java.lang.AssertionError: expected [200] but found [404]</b>
                </a>
                <br/>
                <div class="stackTrace" id="exception-1">
                        org.testng.Assert.fail(Assert.java:111)<br/>
                        org.testng.Assert.failNotEquals(Assert.java:1578)<br/>
                        org.testng.Assert.assertEqualsImpl(Assert.java:150)<br/>
                        org.testng.Assert.assertEquals(Assert.java:132)<br/>
                        org.testng.Assert.assertEquals(Assert.java:656)<br/>
                        org.testng.Assert.assertEquals(Assert.java:666)<br/>
                        testcases.AuthenticationManagement.favoriteMovies(AuthenticationManagement.java:40)<br/>
                        java.base/jdk.internal.reflect.DirectMethodHandleAccessor.invoke(DirectMethodHandleAccessor.java:103)<br/>
                        java.base/java.lang.reflect.Method.invoke(Method.java:580)<br/>
                        org.testng.internal.invokers.MethodInvocationHelper.invokeMethod(MethodInvocationHelper.java:139)<br/>
                        org.testng.internal.invokers.TestInvoker.invokeMethod(TestInvoker.java:664)<br/>
                        org.testng.internal.invokers.TestInvoker.invokeTestMethod(TestInvoker.java:227)<br/>
                        org.testng.internal.invokers.MethodRunner.runInSequence(MethodRunner.java:50)<br/>
                        org.testng.internal.invokers.TestInvoker$MethodInvocationAgent.invoke(TestInvoker.java:957)<br/>
                        org.testng.internal.invokers.TestInvoker.invokeTestMethods(TestInvoker.java:200)<br/>
                        org.testng.internal.invokers.TestMethodWorker.invokeTestMethods(TestMethodWorker.java:148)<br/>
                        org.testng.internal.invokers.TestMethodWorker.run(TestMethodWorker.java:128)<br/>
                        java.base/java.util.ArrayList.forEach(ArrayList.java:1597)<br/>
                        org.testng.TestRunner.privateRun(TestRunner.java:848)<br/>
                        org.testng.TestRunner.run(TestRunner.java:621)<br/>
                        org.testng.SuiteRunner.runTest(SuiteRunner.java:443)<br/>
                        org.testng.SuiteRunner.runSequentially(SuiteRunner.java:437)<br/>
                        org.testng.SuiteRunner.privateRun(SuiteRunner.java:397)<br/>
                        org.testng.SuiteRunner.run(SuiteRunner.java:336)<br/>
                        org.testng.SuiteRunnerWorker.runSuite(SuiteRunnerWorker.java:52)<br/>
                        org.testng.SuiteRunnerWorker.run(SuiteRunnerWorker.java:95)<br/>
                        org.testng.TestNG.runSuitesSequentially(TestNG.java:1280)<br/>
                        org.testng.TestNG.runSuitesLocally(TestNG.java:1200)<br/>
                        org.testng.TestNG.runSuites(TestNG.java:1114)<br/>
                        org.testng.TestNG.run(TestNG.java:1082)<br/>
                        org.apache.maven.surefire.testng.TestNGExecutor.run(TestNGExecutor.java:308)<br/>
                        org.apache.maven.surefire.testng.TestNGXmlTestSuite.execute(TestNGXmlTestSuite.java:71)<br/>
                        org.apache.maven.surefire.testng.TestNGProvider.invoke(TestNGProvider.java:113)<br/>
                        org.apache.maven.surefire.booter.ForkedBooter.runSuitesInProcess(ForkedBooter.java:385)<br/>
                        org.apache.maven.surefire.booter.ForkedBooter.execute(ForkedBooter.java:162)<br/>
                        org.apache.maven.surefire.booter.ForkedBooter.run(ForkedBooter.java:507)<br/>
                        org.apache.maven.surefire.booter.ForkedBooter.main(ForkedBooter.java:495)<br/>
                </div>
        </td>
    </tr>
    </table>


    <table class="resultsTable" width="100%">
        <tr>
            <th colspan="3" class="header passed">Passed Tests</th>
        </tr>
            <tr>
                <td class="group" colspan="3">testcases.AuthenticationManagement</td>
            </tr>
    <tr>
        <td class="method">
                lists
        </td>
        <td class="duration">
            0.546s
        </td>
        <td class="result">
            <!-- Display the dependencies for skipped test methods -->


            <!-- Show logger output for the test -->

        </td>
    </tr>
    <tr>
        <td class="method">
                ratedMovies
        </td>
        <td class="duration">
            0.203s
        </td>
        <td class="result">
            <!-- Display the dependencies for skipped test methods -->


            <!-- Show logger output for the test -->

        </td>
    </tr>
            <tr>
                <td class="group" colspan="3">testcases.ErrorHandlingCases</td>
            </tr>
    <tr>
        <td class="method">
                addFavoriteWithInvalidParameter
        </td>
        <td class="duration">
            0.177s
        </td>
        <td class="result">
            <!-- Display the dependencies for skipped test methods -->


            <!-- Show logger output for the test -->

        </td>
    </tr>
    <tr>
        <td class="method">
                addItemToListWithInvalidParameters
        </td>
        <td class="duration">
            0.182s
        </td>
        <td class="result">
            <!-- Display the dependencies for skipped test methods -->


            <!-- Show logger output for the test -->

        </td>
    </tr>
    <tr>
        <td class="method">
                authenticationEmpty
        </td>
        <td class="duration">
            0.168s
        </td>
        <td class="result">
            <!-- Display the dependencies for skipped test methods -->


            <!-- Show logger output for the test -->

        </td>
    </tr>
    <tr>
        <td class="method">
                authenticationInvalidToken
        </td>
        <td class="duration">
            0.172s
        </td>
        <td class="result">
            <!-- Display the dependencies for skipped test methods -->


            <!-- Show logger output for the test -->

        </td>
    </tr>
    <tr>
        <td class="method">
                createListWithInvalidSessionId
        </td>
        <td class="duration">
            0.180s
        </td>
        <td class="result">
            <!-- Display the dependencies for skipped test methods -->


            <!-- Show logger output for the test -->

        </td>
    </tr>
    <tr>
        <td class="method">
                invalidMovieId
        </td>
        <td class="duration">
            0.174s
        </td>
        <td class="result">
            <!-- Display the dependencies for skipped test methods -->


            <!-- Show logger output for the test -->

        </td>
    </tr>
    <tr>
        <td class="method">
                trendingWithWrongTimeline
        </td>
        <td class="duration">
            0.171s
        </td>
        <td class="result">
            <!-- Display the dependencies for skipped test methods -->


            <!-- Show logger output for the test -->

        </td>
    </tr>
            <tr>
                <td class="group" colspan="3">testcases.MoviesAPITesting</td>
            </tr>
    <tr>
        <td class="method">
                movieDetails
        </td>
        <td class="duration">
            0.081s
        </td>
        <td class="result">
            <!-- Display the dependencies for skipped test methods -->


            <!-- Show logger output for the test -->

        </td>
    </tr>
    <tr>
        <td class="method">
                retrievePopularMovies
        </td>
        <td class="duration">
            0.105s
        </td>
        <td class="result">
            <!-- Display the dependencies for skipped test methods -->


            <!-- Show logger output for the test -->

        </td>
    </tr>
            <tr>
                <td class="group" colspan="3">testcases.PersonAPITesting</td>
            </tr>
    <tr>
        <td class="method">
                movieDetails
        </td>
        <td class="duration">
            0.068s
        </td>
        <td class="result">
            <!-- Display the dependencies for skipped test methods -->


            <!-- Show logger output for the test -->

        </td>
    </tr>
    <tr>
        <td class="method">
                popularPeople
        </td>
        <td class="duration">
            0.089s
        </td>
        <td class="result">
            <!-- Display the dependencies for skipped test methods -->


            <!-- Show logger output for the test -->

        </td>
    </tr>
            <tr>
                <td class="group" colspan="3">testcases.SearchFunctionalityTesting</td>
            </tr>
    <tr>
        <td class="method">
                searchCollection
        </td>
        <td class="duration">
            0.048s
        </td>
        <td class="result">
            <!-- Display the dependencies for skipped test methods -->


            <!-- Show logger output for the test -->

        </td>
    </tr>
    <tr>
        <td class="method">
                searchKeyword
        </td>
        <td class="duration">
            0.041s
        </td>
        <td class="result">
            <!-- Display the dependencies for skipped test methods -->


            <!-- Show logger output for the test -->

        </td>
    </tr>
    <tr>
        <td class="method">
                searchMovies
        </td>
        <td class="duration">
            0.039s
        </td>
        <td class="result">
            <!-- Display the dependencies for skipped test methods -->


            <!-- Show logger output for the test -->

        </td>
    </tr>
    <tr>
        <td class="method">
                searchPerson
        </td>
        <td class="duration">
            0.072s
        </td>
        <td class="result">
            <!-- Display the dependencies for skipped test methods -->


            <!-- Show logger output for the test -->

        </td>
    </tr>
    <tr>
        <td class="method">
                searchTV
        </td>
        <td class="duration">
            0.042s
        </td>
        <td class="result">
            <!-- Display the dependencies for skipped test methods -->


            <!-- Show logger output for the test -->

        </td>
    </tr>
            <tr>
                <td class="group" colspan="3">testcases.TVShowsAPITesting</td>
            </tr>
    <tr>
        <td class="method">
                popularTVShows
        </td>
        <td class="duration">
            0.074s
        </td>
        <td class="result">
            <!-- Display the dependencies for skipped test methods -->


            <!-- Show logger output for the test -->

        </td>
    </tr>
    <tr>
        <td class="method">
                trendingTVShowsWeekly
        </td>
        <td class="duration">
            0.057s
        </td>
        <td class="result">
            <!-- Display the dependencies for skipped test methods -->


            <!-- Show logger output for the test -->

        </td>
    </tr>
    <tr>
        <td class="method">
                tvShowDetails
        </td>
        <td class="duration">
            0.065s
        </td>
        <td class="result">
            <!-- Display the dependencies for skipped test methods -->


            <!-- Show logger output for the test -->

        </td>
    </tr>
            <tr>
                <td class="group" colspan="3">testcases.UserListsAndFavorites</td>
            </tr>
    <tr>
        <td class="method">
                addItemToList
        </td>
        <td class="duration">
            0.209s
        </td>
        <td class="result">
            <!-- Display the dependencies for skipped test methods -->


            <!-- Show logger output for the test -->

        </td>
    </tr>
    <tr>
        <td class="method">
                addMovieToFavoriteList
        </td>
        <td class="duration">
            0.204s
        </td>
        <td class="result">
            <!-- Display the dependencies for skipped test methods -->


            <!-- Show logger output for the test -->

        </td>
    </tr>
    <tr>
        <td class="method">
                addMovieToWatchList
        </td>
        <td class="duration">
            0.210s
        </td>
        <td class="result">
            <!-- Display the dependencies for skipped test methods -->


            <!-- Show logger output for the test -->

        </td>
    </tr>
    <tr>
        <td class="method">
                addTvToFavoriteList
        </td>
        <td class="duration">
            0.228s
        </td>
        <td class="result">
            <!-- Display the dependencies for skipped test methods -->


            <!-- Show logger output for the test -->

        </td>
    </tr>
    <tr>
        <td class="method">
                addTvToWatchList
        </td>
        <td class="duration">
            0.199s
        </td>
        <td class="result">
            <!-- Display the dependencies for skipped test methods -->


            <!-- Show logger output for the test -->

        </td>
    </tr>
    <tr>
        <td class="method">
                checkList
        </td>
        <td class="duration">
            0.176s
        </td>
        <td class="result">
            <!-- Display the dependencies for skipped test methods -->


            <!-- Show logger output for the test -->

        </td>
    </tr>
    <tr>
        <td class="method">
                createList
        </td>
        <td class="duration">
            0.315s
        </td>
        <td class="result">
            <!-- Display the dependencies for skipped test methods -->


            <!-- Show logger output for the test -->

        </td>
    </tr>
    <tr>
        <td class="method">
                deleteList
        </td>
        <td class="duration">
            0.184s
        </td>
        <td class="result">
            <!-- Display the dependencies for skipped test methods -->


            <!-- Show logger output for the test -->

        </td>
    </tr>
    <tr>
        <td class="method">
                favoriteMovie
        </td>
        <td class="duration">
            0.182s
        </td>
        <td class="result">
            <!-- Display the dependencies for skipped test methods -->


            <!-- Show logger output for the test -->

        </td>
    </tr>
    <tr>
        <td class="method">
                favoriteTv
        </td>
        <td class="duration">
            0.182s
        </td>
        <td class="result">
            <!-- Display the dependencies for skipped test methods -->


            <!-- Show logger output for the test -->

        </td>
    </tr>
    <tr>
        <td class="method">
                removeItemFromList
        </td>
        <td class="duration">
            0.201s
        </td>
        <td class="result">
            <!-- Display the dependencies for skipped test methods -->


            <!-- Show logger output for the test -->

        </td>
    </tr>
    <tr>
        <td class="method">
                removeMovieFromFavoriteList
        </td>
        <td class="duration">
            0.194s
        </td>
        <td class="result">
            <!-- Display the dependencies for skipped test methods -->


            <!-- Show logger output for the test -->

        </td>
    </tr>
    <tr>
        <td class="method">
                removeMovieFromWatchList
        </td>
        <td class="duration">
            0.194s
        </td>
        <td class="result">
            <!-- Display the dependencies for skipped test methods -->


            <!-- Show logger output for the test -->

        </td>
    </tr>
    <tr>
        <td class="method">
                removeTvFromFavoriteList
        </td>
        <td class="duration">
            0.203s
        </td>
        <td class="result">
            <!-- Display the dependencies for skipped test methods -->


            <!-- Show logger output for the test -->

        </td>
    </tr>
    <tr>
        <td class="method">
                removeTvFromWatchList
        </td>
        <td class="duration">
            0.211s
        </td>
        <td class="result">
            <!-- Display the dependencies for skipped test methods -->


            <!-- Show logger output for the test -->

        </td>
    </tr>
    <tr>
        <td class="method">
                watchlistMovie
        </td>
        <td class="duration">
            0.176s
        </td>
        <td class="result">
            <!-- Display the dependencies for skipped test methods -->


            <!-- Show logger output for the test -->

        </td>
    </tr>
    <tr>
        <td class="method">
                watchlistTv
        </td>
        <td class="duration">
            0.178s
        </td>
        <td class="result">
            <!-- Display the dependencies for skipped test methods -->


            <!-- Show logger output for the test -->

        </td>
    </tr>
    </table>

<script type="text/javascript" src="reportng.js"></script>
</body>
